1722936732598	geckodriver	INFO	Listening on 127.0.0.1:57927
1722936735685	mozrunner::runner	INFO	Running command: "C:\\Program Files\\Mozilla Firefox\\firefox.exe" "--marionette" "--remote-debugging-port" "57928" "--remote-allow-hosts" "localhost" "-no-remote" "-profile" "C:\\Users\\modar\\AppData\\Local\\Temp\\rust_mozprofileQIseBT"
console.warn: services.settings: Ignoring preference override of remote settings server
console.warn: services.settings: Allow by setting MOZ_REMOTE_SETTINGS_DEVTOOLS=1 in the environment
1722936736044	Marionette	INFO	Marionette enabled
Dynamically enable window occlusion 0
1722936736133	Marionette	INFO	Listening on port 57938
WebDriver BiDi listening on ws://127.0.0.1:57928
Read port: 57938
1722936736448	RemoteAgent	WARN	TLS certificate errors will be ignored for this session
DevTools listening on ws://127.0.0.1:57928/devtools/browser/216fa70a-8bc2-4d43-8f6b-9dd8c9cf84f4
JavaScript warning: https://www.amazon.com/, line 1844: WEBGL_debug_renderer_info is deprecated in Firefox and will be removed. Please use RENDERER.
console.warn: LoginRecipes: "Falling back to a synchronous message for: https://www.amazon.com."
JavaScript warning: https://www.amazon.com/s?k=Ferrari+458&crid=14Y3SFCVDKH1&sprefix=ferrari+458%2Caps%2C450&ref=nb_sb_noss_1, line 5494: WEBGL_debug_renderer_info is deprecated in Firefox and will be removed. Please use RENDERER.
1722936743090	Marionette	WARN	Ignoring event 'DOMContentLoaded' because document has an invalid readyState of 'complete'.
JavaScript warning: https://www.amazon.com/Maisto-Ferrari-458-Speciale-Special/dp/B01M64FMWW/ref=sr_1_1_sspa?crid=14Y3SFCVDKH1&dib=eyJ2IjoiMSJ9.XKhVfqJ7SA3iIP4_El16k2LrUxWiPgYjLrkBFMeXTYJO2kqgIxnGaXmZwTDkC89zsa7YH1eujxveUqvecrsWgI7Jymrjpuz4dPz-ZYAr0Cem3Us_uFRONcH3lVImkWn3GAiEZSB2BRz4AmfsQHmsMTNMiuxzi3-RCavAHHCNEyyxtOeA8Zl--QCxgpAON4gO6oXz7NcEXcL23sHCja1GNubVZ9xDAngT-a_3SiaDknVxycMSlcE62ZS-Dx-GRMbk6MbMofEQAlHCeZ6fXuIR6nGci4CG9vRNbvyvI3aJDgw.yGCJXDdr8nCuLju3UZmi6qLWfUAyvBlj95yX6p5NDjM&dib_tag=se&keywords=Ferrari+458&qid=1722936741&sprefix=ferrari+458%2Caps%2C450&sr=8-1-spons&sp_csd=d2lkZ2V0TmFtZT1zcF9hdGY&psc=1, line 10932: WEBGL_debug_renderer_info is deprecated in Firefox and will be removed. Please use RENDERER.
console.warn: LoginRecipes: "Falling back to a synchronous message for: https://www.amazon.com."
JavaScript error: , line 0: TypeError: NetworkError when attempting to fetch resource.
JavaScript error: , line 0: TypeError: NetworkError when attempting to fetch resource.
1722936746455	Marionette	WARN	Ignoring event 'pageshow' because document has an invalid readyState of 'uninitialized'.
JavaScript warning: https://www.amazon.com/cart/add-to-cart/ref=dp_start-bbf_1_glance, line 3026: WEBGL_debug_renderer_info is deprecated in Firefox and will be removed. Please use RENDERER.
console.warn: LoginRecipes: "Falling back to a synchronous message for: https://www.amazon.com."
1722936751405	Marionette	INFO	Stopped listening on port 57938
Dynamically enable window occlusion 1
