1722931989918	geckodriver	INFO	Listening on 127.0.0.1:53719
1722931992988	mozrunner::runner	INFO	Running command: "C:\\Program Files\\Mozilla Firefox\\firefox.exe" "--marionette" "--remote-debugging-port" "53720" "--remote-allow-hosts" "localhost" "-no-remote" "-profile" "C:\\Users\\modar\\AppData\\Local\\Temp\\rust_mozprofilej9daIX"
console.warn: services.settings: Ignoring preference override of remote settings server
console.warn: services.settings: Allow by setting MOZ_REMOTE_SETTINGS_DEVTOOLS=1 in the environment
1722931993359	Marionette	INFO	Marionette enabled
Dynamically enable window occlusion 0
1722931993446	Marionette	INFO	Listening on port 53729
WebDriver BiDi listening on ws://127.0.0.1:53720
Read port: 53729
1722931993711	RemoteAgent	WARN	TLS certificate errors will be ignored for this session
DevTools listening on ws://127.0.0.1:53720/devtools/browser/3c135b3a-f6a3-45af-be90-dee0d2d9de3f
JavaScript warning: https://www.amazon.com/, line 1844: WEBGL_debug_renderer_info is deprecated in Firefox and will be removed. Please use RENDERER.
console.warn: LoginRecipes: "Falling back to a synchronous message for: https://www.amazon.com."
JavaScript warning: https://www.amazon.com/s?k=Ferrari+458&ref=nb_sb_noss, line 5405: WEBGL_debug_renderer_info is deprecated in Firefox and will be removed. Please use RENDERER.
1722932001613	Marionette	WARN	Ignoring event 'pageshow' because document has an invalid readyState of 'uninitialized'.
JavaScript warning: https://www.amazon.com/55tech-Ferrari-Storage-Protect-Elements/dp/B0CK6JWZTC/ref=sr_1_1_sspa?dib=eyJ2IjoiMSJ9.XKhVfqJ7SA3iIP4_El16k2LrUxWiPgYjLrkBFMeXTYJO2kqgIxnGaXmZwTDkC89zsa7YH1eujxveUqvecrsWgK0NaQrGJkMeTZpwNY-b9JxJAeEHduVK_BBGVTJ41tX-yl4BCnEbJHNj8xfIPytelDNMiuxzi3-RCavAHHCNEyyxtOeA8Zl--QCxgpAON4gOzAqrsSvMjl2g5k4ZsP0klz-DveD4bA9LiCOfmdm2vtPfMIdUzM09IvN6qFUg1WmV6MbMofEQAlHCeZ6fXuIR6nGci4CG9vRNbvyvI3aJDgw._JkcAPLz7hVLS941YsAsvIoZ2ini3Cb28yJabX0Pa8k&dib_tag=se&keywords=Ferrari+458&qid=1722931998&sr=8-1-spons&sp_csd=d2lkZ2V0TmFtZT1zcF9hdGY&psc=1, line 10880: WEBGL_debug_renderer_info is deprecated in Firefox and will be removed. Please use RENDERER.
console.warn: LoginRecipes: "Falling back to a synchronous message for: https://www.amazon.com."
1722932004507	Marionette	WARN	Ignoring event 'pageshow' because document has an invalid readyState of 'uninitialized'.
JavaScript warning: https://www.amazon.com/cart/add-to-cart/ref=dp_start-bbf_1_glance, line 3011: WEBGL_debug_renderer_info is deprecated in Firefox and will be removed. Please use RENDERER.
console.warn: LoginRecipes: "Falling back to a synchronous message for: https://www.amazon.com."
JavaScript warning: https://images-na.ssl-images-amazon.com/images/I/815lxP6FNyL.js?AUIClients/FWCIMAssets, line 298: WEBGL_debug_renderer_info is deprecated in Firefox and will be removed. Please use RENDERER.
1722932012013	Marionette	INFO	Stopped listening on port 53729
Dynamically enable window occlusion 1
