1722937563701	geckodriver	INFO	Listening on 127.0.0.1:58360
1722937566756	mozrunner::runner	INFO	Running command: "C:\\Program Files\\Mozilla Firefox\\firefox.exe" "--marionette" "--remote-debugging-port" "58361" "--remote-allow-hosts" "localhost" "-no-remote" "-profile" "C:\\Users\\modar\\AppData\\Local\\Temp\\rust_mozprofilelZ2Pdr"
console.warn: services.settings: Ignoring preference override of remote settings server
console.warn: services.settings: Allow by setting MOZ_REMOTE_SETTINGS_DEVTOOLS=1 in the environment
1722937567070	Marionette	INFO	Marionette enabled
Dynamically enable window occlusion 0
1722937567138	Marionette	INFO	Listening on port 58368
WebDriver BiDi listening on ws://127.0.0.1:58361
Read port: 58368
1722937567316	RemoteAgent	WARN	TLS certificate errors will be ignored for this session
DevTools listening on ws://127.0.0.1:58361/devtools/browser/29b820ba-b45d-4d05-aa7e-05bebdde9567
JavaScript warning: https://www.amazon.com/, line 1844: WEBGL_debug_renderer_info is deprecated in Firefox and will be removed. Please use RENDERER.
console.warn: LoginRecipes: "Falling back to a synchronous message for: https://www.amazon.com."
JavaScript warning: https://www.amazon.com/s?k=Ferrari+458&ref=nb_sb_noss, line 5505: WEBGL_debug_renderer_info is deprecated in Firefox and will be removed. Please use RENDERER.
JavaScript warning: https://www.amazon.com/Maisto-Ferrari-458-Speciale-Special/dp/B01M64FMWW/ref=sr_1_1_sspa?dib=eyJ2IjoiMSJ9.XKhVfqJ7SA3iIP4_El16k2LrUxWiPgYjLrkBFMeXTYJO2kqgIxnGaXmZwTDkC89zbAfFsEScVmdOKmMKmpXh2io6LtTTqH6n0SveSW7jrstJAeEHduVK_BBGVTJ41tX-yl4BCnEbJHNj8xfIPytelGS-d3P_46_H2u9Dy9nAatw3zXPDe8FR6w9XDVBFAS5T6oXz7NcEXcL23sHCja1GNs8dop2JeaFDo7uf4Vlp8YDfMIdUzM09IvN6qFUg1WmVtwtXHcEPWNSejol4XoR-bDjLTxvvc7v8hwEdhLYPohI.RYbPDpDG6BLZAGg2gtTzfoV4PLY2Qg5e-9SKjpNaoTA&dib_tag=se&keywords=Ferrari+458&qid=1722937571&sr=8-1-spons&sp_csd=d2lkZ2V0TmFtZT1zcF9hdGY&psc=1, line 11047: WEBGL_debug_renderer_info is deprecated in Firefox and will be removed. Please use RENDERER.
console.warn: LoginRecipes: "Falling back to a synchronous message for: https://www.amazon.com."
JavaScript error: , line 0: TypeError: NetworkError when attempting to fetch resource.
1722937597092	addons.xpi	ERROR	System addon update list error SyntaxError: The URI is malformed.
JavaScript warning: https://www.amazon.com/cart/add-to-cart/ref=dp_start-bbf_1_glance, line 3026: WEBGL_debug_renderer_info is deprecated in Firefox and will be removed. Please use RENDERER.
console.warn: LoginRecipes: "Falling back to a synchronous message for: https://www.amazon.com."
1722937622699	Marionette	INFO	Stopped listening on port 58368
Dynamically enable window occlusion 1
